[ERR] 2020-05-02T20:57:41.429Z-[xdk:XresHandler] | Missing Parameters
[ERR] 2020-05-02T20:59:50.383Z-[xdk:XresHandler] | Error: User already exists
[ERR] 2020-05-02T21:06:06.408Z-[xdk:XresHandler] | Error: User not found
[ERR] 2020-05-09T14:15:53.583Z-[xdk:XresHandler] | Missing Parameters
[ERR] 2020-05-09T14:21:19.110Z-[xdk:XresHandler] | Error: Recipe already exists
[ERR] 2020-05-09T15:14:19.557Z-[xdk:XresHandler] | Missing Parameters
[ERR] 2020-05-09T15:25:09.664Z-[xdk:XresHandler] | Missing Parameters
[ERR] 2020-05-09T15:25:31.213Z-[xdk:XresHandler] | Missing Parameters
[ERR] 2020-05-09T15:26:47.143Z-[xdk:XresHandler] | Missing Parameters
[ERR] 2020-05-13T12:12:36.639Z-[xdk:XresHandler] | CastError: Cast to ObjectId failed for value ":id" at path "_id" for model "Recipe"
[ERR] 2020-05-13T12:16:09.132Z-[xdk:XresHandler] | CastError: Cast to ObjectId failed for value ":id" at path "_id" for model "Recipe"
[ERR] 2020-05-13T12:16:19.961Z-[xdk:XresHandler] | CastError: Cast to ObjectId failed for value ":id" at path "_id" for model "Recipe"
[ERR] 2020-05-13T12:26:34.873Z-[xdk:XresHandler] | CastError: Cast to ObjectId failed for value ":id" at path "_id" for model "Recipe"
[ERR] 2020-05-13T12:26:52.273Z-[xdk:XresHandler] | CastError: Cast to ObjectId failed for value ":name" at path "_id" for model "Recipe"
[ERR] 2020-05-13T12:27:31.006Z-[xdk:XresHandler] | CastError: Cast to ObjectId failed for value ":name" at path "_id" for model "Recipe"
[ERR] 2020-05-13T12:27:33.925Z-[xdk:XresHandler] | CastError: Cast to ObjectId failed for value ":name" at path "_id" for model "Recipe"
[ERR] 2020-05-13T12:27:48.777Z-[xdk:XresHandler] | CastError: Cast to ObjectId failed for value ":name" at path "_id" for model "Recipe"
[ERR] 2020-05-13T12:29:34.670Z-[xdk:XresHandler] | CastError: Cast to ObjectId failed for value ":name" at path "_id" for model "Recipe"
[ERR] 2020-05-13T12:31:49.161Z-[xdk:XresHandler] | CastError: Cast to ObjectId failed for value ":name" at path "_id" for model "Recipe"
[ERR] 2020-05-13T12:32:21.532Z-[xdk:XresHandler] | CastError: Cast to ObjectId failed for value ":name" at path "_id" for model "Recipe"
[ERR] 2020-05-13T12:33:20.518Z-[xdk:XresHandler] | CastError: Cast to ObjectId failed for value ":name" at path "_id" for model "Recipe"
[ERR] 2020-05-13T12:33:34.150Z-[xdk:XresHandler] | CastError: Cast to ObjectId failed for value ":name" at path "_id" for model "Recipe"
[ERR] 2020-05-13T12:34:42.130Z-[xdk:XresHandler] | CastError: Cast to ObjectId failed for value ":name" at path "_id" for model "Recipe"
[ERR] 2020-05-13T12:34:44.246Z-[xdk:XresHandler] | CastError: Cast to ObjectId failed for value ":name" at path "_id" for model "Recipe"
[ERR] 2020-05-13T12:41:31.844Z-[xdk:XresHandler] | CastError: Cast to ObjectId failed for value ":name" at path "_id" for model "Recipe"
[ERR] 2020-05-13T12:42:38.134Z-[xdk:XresHandler] | CastError: Cast to ObjectId failed for value " [object Object]" at path "_id" for model "Recipe"
[ERR] 2020-05-13T12:43:09.416Z-[xdk:XresHandler] | CastError: Cast to ObjectId failed for value " [object Object]" at path "_id" for model "Recipe"
[ERR] 2020-05-13T12:43:29.070Z-[xdk:XresHandler] | CastError: Cast to ObjectId failed for value "[object Object]" at path "_id" for model "Recipe"
[ERR] 2020-05-13T12:45:12.053Z-[xdk:XresHandler] | CastError: Cast to ObjectId failed for value "Boeuf bourgignon" at path "_id" for model "Recipe"
[ERR] 2020-05-13T12:45:44.088Z-[xdk:XresHandler] | CastError: Cast to ObjectId failed for value "Boeuf bourgignon" at path "_id" for model "Recipe"
[ERR] 2020-05-13T13:06:22.140Z-[xdk:XresHandler] | CastError: Cast to ObjectId failed for value "Couscous" at path "_id" for model "Recipe"
[ERR] 2020-05-13T13:07:29.546Z-[xdk:XresHandler] | CastError: Cast to ObjectId failed for value "tartiflette" at path "_id" for model "Recipe"
[ERR] 2020-05-13T13:27:22.214Z-[xdk:XresHandler] | Error: User not found
[ERR] 2020-05-13T14:12:06.366Z-[xdk:XresHandler] | Error: User not found
[ERR] 2020-05-13T14:12:31.787Z-[xdk:XresHandler] | Error: User not found
[ERR] 2020-05-13T14:48:59.931Z-[xdk:XresHandler] | Error: User not found
[ERR] 2020-05-13T14:49:04.448Z-[xdk:XresHandler] | Error: User not found
[ERR] 2020-05-13T15:46:14.082Z-[xdk:XresHandler] | Error: User not found
[ERR] 2020-05-13T16:12:28.681Z-[xdk:XresHandler] | Error: User not found
[ERR] 2020-05-13T16:12:32.251Z-[xdk:XresHandler] | Error: User not found
